2018-06-05 16:57:31,084 [      0]   INFO -        #com.intellij.idea.Main - ------------------------------------------------------ IDE STARTED ------------------------------------------------------ 
2018-06-05 16:57:31,190 [    106]   INFO -        #com.intellij.idea.Main - IDE: PyCharm (build #PY-181.5087.37, 24 May 2018 03:31) 
2018-06-05 16:57:31,191 [    107]   INFO -        #com.intellij.idea.Main - OS: Windows 10 (10.0, amd64) 
2018-06-05 16:57:31,191 [    107]   INFO -        #com.intellij.idea.Main - JRE: 1.8.0_152-release-1136-b39 (JetBrains s.r.o) 
2018-06-05 16:57:31,191 [    107]   INFO -        #com.intellij.idea.Main - JVM: 25.152-b39 (OpenJDK 64-Bit Server VM) 
2018-06-05 16:57:31,193 [    109]   INFO -        #com.intellij.idea.Main - JVM Args: -Xms128m -Xmx750m -XX:ReservedCodeCacheSize=240m -XX:+UseConcMarkSweepGC -XX:SoftRefLRUPolicyMSPerMB=50 -ea -Dsun.io.useCanonCaches=false -Djava.net.preferIPv4Stack=true -XX:+HeapDumpOnOutOfMemoryError -XX:-OmitStackTraceInFastThrow -Djb.vmOptionsFile=C:\Program Files\JetBrains\PyCharm 2018.1.4\bin\pycharm64.exe.vmoptions -Didea.platform.prefix=Python -Dide.native.launcher=true -Didea.paths.selector=PyCharm2018.1 -XX:ErrorFile=C:\Users\justi\java_error_in_pycharm_%p.log -XX:HeapDumpPath=C:\Users\justi\java_error_in_pycharm.hprof 
2018-06-05 16:57:31,195 [    111]   INFO -        #com.intellij.idea.Main - ext: C:\Program Files\JetBrains\PyCharm 2018.1.4\jre64\lib\ext: [access-bridge-64.jar, cldrdata.jar, dnsns.jar, jaccess.jar, jfxrt.jar, localedata.jar, meta-index, nashorn.jar, sunec.jar, sunjce_provider.jar, sunmscapi.jar, sunpkcs11.jar, zipfs.jar] 
2018-06-05 16:57:31,195 [    111]   INFO -        #com.intellij.idea.Main - JNU charset: Cp1252 
2018-06-05 16:57:31,241 [    157]   INFO -        #com.intellij.idea.Main - JNA library (64-bit) loaded in 45 ms 
2018-06-05 16:57:31,243 [    159]   INFO - penapi.util.io.win32.IdeaWin32 - Native filesystem for Windows is operational 
2018-06-05 16:57:31,276 [    192]   INFO -     #com.intellij.util.ui.JBUI - User scale factor: 1.0 
2018-06-05 16:57:31,276 [    192]   INFO -     #com.intellij.util.ui.JBUI - System scale factor: 1.1458334 (JRE-managed HiDPI) 
2018-06-05 17:09:21,532 [ 710448]   INFO - llij.ide.plugins.PluginManager - Cannot find optional descriptor js-nashorn-support.xml 
2018-06-05 17:09:21,631 [ 710547]   INFO - llij.ide.plugins.PluginManager - Cannot find optional descriptor uml-java-support.xml 
2018-06-05 17:09:21,632 [ 710548]   INFO - llij.ide.plugins.PluginManager - Cannot find optional descriptor uml-properties-support.xml 
2018-06-05 17:18:37,694 [1266610]   INFO - .intellij.idea.IdeaApplication - CPU cores: 4; ForkJoinPool.commonPool: java.util.concurrent.ForkJoinPool@4262a1c2[Running, parallelism = 3, size = 0, active = 0, running = 0, steals = 0, tasks = 0, submissions = 0]; factory: com.intellij.concurrency.IdeaForkJoinWorkerThreadFactory@1f1f267b 
2018-06-05 17:18:38,049 [1266965]   INFO - llij.ide.plugins.PluginManager - Cannot find optional descriptor js-nashorn-support.xml 
2018-06-05 17:18:38,139 [1267055]   INFO - llij.ide.plugins.PluginManager - Cannot find optional descriptor uml-java-support.xml 
2018-06-05 17:18:38,139 [1267055]   INFO - llij.ide.plugins.PluginManager - Cannot find optional descriptor uml-properties-support.xml 
2018-06-05 17:18:38,398 [1267314]   INFO - llij.ide.plugins.PluginManager - 54 plugins initialized in 527 ms 
2018-06-05 17:18:38,408 [1267324]   INFO - llij.ide.plugins.PluginManager - Loaded bundled plugins: AngularJS (181.5087.37), CSS Support (181.5087.37), CVS Integration (11), CoffeeScript (181.5087.37), Concurrency Visualiser (0.1), Database Tools and SQL (181.5087.37), Django Database Support Integration (1.0), Docker integration (181.5087.37), EditorConfig (181.5087.37), File Watchers (181.5087.37), GNU GetText files support (*.po) (181.5087.37), Gherkin (999.999), Git Integration (8.1), GitHub (181.5087.37), HTML Tools (2.0), HTTP Client (181.5087.37), Haml (181.5087.37), IDE Settings Sync (181.5087.37), IDEA CORE (181.5087.37), IPython Notebook (0.1), Ini4Idea (181.5087.37), IntelliLang (8.0), JavaScript Debugger (1.0), JavaScript Intention Power Pack (0.9.4), JavaScript Support (1.0), Less support (181.5087.37), Mercurial Integration (10.0), Perforce Integration (2.0), Properties Support (181.5087.37), Puppet Support (181.5087.37), Python BDD support for engines, based on Gherkin (cucumber, lettuce, behave) (0.1), Python Docker (VERSION), Python IntelliLang (VERSION), Python JavaScript Debugger Integration (VERSION), Python Localization Integration (VERSION), Python Profiler (0.1), Python ReStructureText Integration (1.0), Python Remote Interpreter (VERSION), Python Terminal (VERSION), Python UML Diagrams (VERSION), ReStructuredText Support (181.5087.37), Remote Hosts Access (0.1), SSH Remote Run (0.1), Sass support (181.5087.37), Settings Repository (181.5087.37), Stylus support (999.999), Subversion Integration (1.1), Task Management (1.0), Terminal (0.1), TextMate bundles support (181.5087.37), UML Support (1.0), Vagrant (181.5087.37), tslint (181.5087.37) 
2018-06-05 17:18:38,409 [1267325]   INFO - llij.ide.plugins.PluginManager - Loaded custom plugins: YAML (181.5087.37) 
2018-06-05 17:18:38,754 [1267670]   INFO - cloudConfig.CloudConfigManager - === Exit: JBA_NOT_FOUND === 
2018-06-05 17:18:38,836 [1267752]   INFO - ellij.vfs.persistent.FSRecords - Marking VFS as corrupted: 'C:\Users\justi\.PyCharm2018.1\system\caches\names.dat' does not exist 
2018-06-05 17:18:38,840 [1267756]   INFO - ellij.util.io.PagedFileStorage - lower=100; upper=500; buffer=10; max=705 
2018-06-05 17:18:38,876 [1267792]   INFO - pl.local.NativeFileWatcherImpl - Starting file watcher: C:\Program Files\JetBrains\PyCharm 2018.1.4\bin\fsnotifier64.exe 
2018-06-05 17:18:38,944 [1267860]   INFO - pl.local.NativeFileWatcherImpl - Native file watcher is operational. 
2018-06-05 17:18:39,514 [1268430]   WARN - nSystem.impl.ActionManagerImpl - keymap "Xcode" not found [Plugin: Git4Idea] 
2018-06-05 17:18:39,555 [1268471]   WARN - nSystem.impl.ActionManagerImpl - keymap "Xcode" not found [Plugin: hg4idea] 
2018-06-05 17:18:39,657 [1268573]   INFO - .history.utils.LocalHistoryLog - local history version mismatch (was: 0, expected: 6), rebuilding... 
2018-06-05 17:18:39,657 [1268573]   INFO - .history.utils.LocalHistoryLog - FS has been rebuild, rebuilding local history... 
2018-06-05 17:18:39,733 [1268649]   INFO - com.intellij.ide.ui.UISettings - Loaded: fontSize=12, fontScale=1.0; restored: fontSize=12, fontScale=1.0 
2018-06-05 17:18:39,883 [1268799]   INFO - til.net.ssl.CertificateManager - Default SSL context initialized 
2018-06-05 17:18:39,939 [1268855]   INFO - rains.ide.BuiltInServerManager - built-in server started, port 63342 
2018-06-05 17:18:39,953 [1268869]   INFO - .openapi.application.Preloader - Finished preloading com.intellij.ide.ui.OptionsTopHitProvider$Activity@1af6ada5 
2018-06-05 17:18:39,959 [1268875]   INFO - gs.impl.UpdateCheckerComponent - channel: release 
2018-06-05 17:18:40,290 [1269206]   INFO - il.indexing.FileBasedIndexImpl - Index exts enumerated:271, number of extensions:35 
2018-06-05 17:18:40,297 [1269213]   INFO - il.indexing.FileBasedIndexImpl - Index scheduled:6 
2018-06-05 17:18:40,701 [1269617]   INFO - ndex.PrebuiltIndexProviderBase - Using prebuilt id-index from C:\Users\justi\.PyCharm2018.1\system\index\.persistent\prebuilt\Python\id-index.input 
2018-06-05 17:18:40,935 [1269851]   INFO - tellij.psi.stubs.StubIndexImpl - All stub exts enumerated:635, number of extensions:77 
2018-06-05 17:18:40,935 [1269851]   INFO - tellij.psi.stubs.StubIndexImpl - stub exts update scheduled:0 
2018-06-05 17:18:41,059 [1269975]   INFO -            PyTestLegacyInterop - Disabling com.jetbrains.python.testing.unittestLegacy.PythonUnitTestConfigurationProducer@4332b11a 
2018-06-05 17:18:41,059 [1269975]   INFO -            PyTestLegacyInterop - Disabling com.jetbrains.python.testing.pytestLegacy.PyTestConfigurationProducer@4554269f 
2018-06-05 17:18:41,059 [1269975]   INFO -            PyTestLegacyInterop - Disabling com.jetbrains.python.testing.nosetestLegacy.PythonNoseTestConfigurationProducer@48f467bd 
2018-06-05 17:18:41,105 [1270021]   INFO - ij.psi.stubs.StubUpdatingIndex - Following new file types will be indexed:Python,TypeScript JSX,HTML,ActionScript,Stylus,Less,Flow,Mako,PythonStub,Puppet,SCSS,SQL,Cython,Jinja2,Literate CoffeeScript,CSS,Properties,JavaScript,Sass,ECMAScript 6,TypeScript,XML,Ini,CoffeeScript,JSX Harmony 
2018-06-05 17:18:41,117 [1270033]   INFO - pi.util.registry.RegistryValue - Registry value 'ide.ssh.one.time.password' has changed to 'true" 
2018-06-05 17:18:41,151 [1270067]   INFO - plication.impl.ApplicationImpl - 82 application components initialized in 3284ms 
2018-06-05 17:18:41,160 [1270076]   INFO - .intellij.idea.IdeaApplication - App initialization took 1270878 ms 
2018-06-05 17:18:41,894 [1270810]   INFO - j.ide.plugins.RepositoryHelper - using cached plugin list (updated at 6/5/2018 5:09 PM) 
2018-06-05 17:18:42,012 [1270928]   INFO - j.ide.ui.OptionsTopHitProvider - 670 ms spent to cache options in application 
2018-06-05 17:18:42,485 [1271401]   INFO - pl$FileIndexDataInitialization - Initialization done:2187 
2018-06-05 17:18:42,637 [1271553]   INFO - .openapi.application.Preloader - Finished preloading com.intellij.openapi.actionSystem.impl.ActionPreloader@23825356 
2018-06-05 17:18:42,984 [1271900]   INFO - .openapi.application.Preloader - Finished preloading com.intellij.ide.ui.search.SearchableOptionPreloader@652d31da 
2018-06-05 17:18:43,285 [1272201]   INFO - .openapi.application.Preloader - Finished preloading com.intellij.codeInsight.completion.CompletionPreloader@4ecd6307 
2018-06-05 17:18:43,291 [1272207]   INFO - .openapi.application.Preloader - Finished preloading com.intellij.ide.actions.GotoClassPresentationUpdater@63056680 
2018-06-05 17:18:43,473 [1272389]   INFO - exImpl$StubIndexInitialization - Initialization done:988 
2018-06-05 17:18:55,035 [1283951]   INFO - ellij.project.impl.ProjectImpl - 15 project components initialized in 117 ms 
2018-06-05 18:15:54,498 [4703414]   INFO -              #AgreementUpdater - Error updating privacy policy: www.jetbrains.com 
2018-06-05 21:36:33,618 [16742534]   WARN - til.ui.update.LazyUiDisposable - use application as a parent disposable 
2018-06-05 23:06:35,457 [22144373]   INFO - ellij.project.impl.ProjectImpl - 108 project components initialized in 528 ms 
2018-06-05 23:06:35,458 [22144374]   INFO - le.impl.ModuleManagerComponent - 0 module(s) loaded in 0 ms 
2018-06-05 23:06:35,820 [22144736]   INFO - j.ide.script.IdeStartupScripts - 0 startup script(s) found 
2018-06-05 23:06:36,176 [22145092]   WARN - om.intellij.util.ProfilingUtil - Profiling agent is not enabled. Add -agentlib:yjpagent to idea.vmoptions if necessary to profile IDEA. 
2018-06-05 23:06:36,844 [22145760]   INFO - Tools.base.JsbtStartupActivity - Detecting buildfiles for com.intellij.lang.javascript.buildTools.grunt.GruntfileManager 
2018-06-05 23:06:36,845 [22145761]   INFO - Tools.base.JsbtStartupActivity - Detecting buildfiles for com.intellij.lang.javascript.buildTools.gulp.GulpfileManager 
2018-06-05 23:06:36,846 [22145762]   INFO - Tools.base.JsbtStartupActivity - Detecting buildfiles for com.intellij.lang.javascript.buildTools.npm.PackageJsonFileManager 
2018-06-05 23:06:36,865 [22145781]   INFO - .diagnostic.PerformanceWatcher - Post-startup activities under progress took 137ms; general responsiveness: ok; EDT responsiveness: ok 
2018-06-05 23:06:37,055 [22145971]   INFO - Json.PackageJsonUpdateNotifier - processPackageJsonFiles [] 
2018-06-05 23:06:37,311 [22146227]   INFO - packaging.PyPackageManagerImpl - Running packaging tool: C:\Users\justi\AppData\Local\Programs\Python\Python36-32\python.exe C:\Program Files\JetBrains\PyCharm 2018.1.4\helpers\packaging_tool.py pyvenv C:\Users\justi\myapplication\Python Programs\venv 
2018-06-05 23:06:39,097 [22148013]   INFO - packaging.PyPackageManagerImpl - Running packaging tool: C:\Users\justi\myapplication\Python Programs\venv\Scripts\python.exe C:\Program Files\JetBrains\PyCharm 2018.1.4\helpers\packaging_tool.py list 
2018-06-05 23:06:39,221 [22148137]   INFO - packaging.PyPackageManagerImpl - Error: Python packaging tool 'setuptools' not found

Exit code 3 
2018-06-05 23:06:39,222 [22148138]   INFO - packaging.PyPackageManagerImpl - Running packaging tool: C:\Users\justi\myapplication\Python Programs\venv\Scripts\python.exe C:\Program Files\JetBrains\PyCharm 2018.1.4\helpers\packaging_tool.py untar C:\Program Files\JetBrains\PyCharm 2018.1.4\helpers\setuptools-39.1.0.tar.gz 
2018-06-05 23:06:41,731 [22150647]   INFO - packaging.PyPackageManagerImpl - Running packaging tool: C:\Users\justi\myapplication\Python Programs\venv\Scripts\python.exe C:\Users\justi\AppData\Local\Temp\tmpbgtdfxk3pycharm-management\setuptools-39.1.0\setup.py install 
2018-06-05 23:06:45,895 [22154811]   INFO - packaging.PyPackageManagerImpl - Running packaging tool: C:\Users\justi\myapplication\Python Programs\venv\Scripts\python.exe C:\Program Files\JetBrains\PyCharm 2018.1.4\helpers\packaging_tool.py untar C:\Program Files\JetBrains\PyCharm 2018.1.4\helpers\pip-10.0.1.tar.gz 
2018-06-05 23:06:49,607 [22158523]   INFO - packaging.PyPackageManagerImpl - Running packaging tool: C:\Users\justi\myapplication\Python Programs\venv\Scripts\python.exe C:\Users\justi\AppData\Local\Temp\tmpkr0mnsgnpycharm-management\pip-10.0.1\setup.py install 
2018-06-05 23:06:59,724 [22168640]   INFO - ns.python.sdk.PythonSdkUpdater - Updating sys.path took 95 ms 
2018-06-05 23:06:59,725 [22168641]   INFO - ns.python.sdk.PythonSdkUpdater - Bogus sys.path entry C:\Users\justi\myapplication\Python Programs\venv\Scripts\python36.zip 
2018-06-05 23:06:59,800 [22168716]   INFO - ns.python.sdk.PythonSdkUpdater - Binary skeletons directory for SDK Python 3.6 (Python Programs) (C:\Users\justi\myapplication\Python Programs\venv\Scripts\python.exe)): C:/Users/justi/.PyCharm2018.1/system/python_stubs/770887463 
2018-06-05 23:06:59,803 [22168719]   INFO - ns.python.sdk.PythonSdkUpdater - User skeletons directory for SDK Python 3.6 (Python Programs) (C:\Users\justi\myapplication\Python Programs\venv\Scripts\python.exe)): C:/Program Files/JetBrains/PyCharm 2018.1.4/helpers/python-skeletons 
2018-06-05 23:06:59,871 [22168787]   INFO - pl.ProjectRootManagerComponent - project roots have changed 
2018-06-05 23:06:59,883 [22168799]   INFO - pl.ProjectRootManagerComponent - project roots have changed 
2018-06-05 23:06:59,906 [22168822]   INFO - pl.ProjectRootManagerComponent - project roots have changed 
2018-06-05 23:07:00,061 [22168977]   INFO - tartup.impl.StartupManagerImpl - C:/Users/justi/myapplication/Python Programs/.idea case-sensitivity: expected=false actual=false 
2018-06-05 23:07:00,097 [22169013]   INFO - .TypeScriptLibraryProviderImpl - Start refreshing typescript libraries 
2018-06-05 23:07:00,122 [22169038]   INFO - pl.projectlevelman.NewMappings - VCS Root: [] - [<Project>] 
2018-06-05 23:07:00,450 [22169366]   INFO - .intellij.util.EnvironmentUtil - shell environment loaded (45 vars) 
2018-06-05 23:07:00,693 [22169609]   INFO - g.FileBasedIndexProjectHandler - Reindexing refreshed files: 297 to update, calculated in 4ms 
2018-06-05 23:07:00,852 [22169768]   INFO - ns.python.sdk.PythonSdkUpdater - Performing background update of skeletons for SDK Python 3.6 (Python Programs) (C:\Users\justi\myapplication\Python Programs\venv\Scripts\python.exe) 
2018-06-05 23:07:00,856 [22169772]   INFO - .skeletons.PySkeletonRefresher - Refreshing skeletons for C:\Users\justi\myapplication\Python Programs\venv\Scripts\python.exe 
2018-06-05 23:07:00,955 [22169871]   INFO - pl.ProjectRootManagerComponent - project roots have changed 
2018-06-05 23:07:00,961 [22169877]   INFO - .TypeScriptLibraryProviderImpl - End refreshing typescript libraries 
2018-06-05 23:07:00,972 [22169888]   INFO - tor.impl.FileEditorManagerImpl - Project opening took 26544 ms 
2018-06-05 23:07:00,981 [22169897]   INFO - Tools.base.JsbtStartupActivity - Found [] for com.intellij.lang.javascript.buildTools.grunt.GruntService 
2018-06-05 23:07:00,990 [22169906]   INFO - Tools.base.JsbtStartupActivity - Found [] for com.intellij.lang.javascript.buildTools.gulp.GulpService 
2018-06-05 23:07:00,992 [22169908]   INFO - Tools.base.JsbtStartupActivity - Found [] for com.intellij.lang.javascript.buildTools.npm.NpmScriptsService 
2018-06-05 23:07:01,414 [22170330]   INFO - ndex.PrebuiltIndexProviderBase - Using prebuilt sdk-stubs from C:\Users\justi\.PyCharm2018.1\system\index\.persistent\prebuilt\Python\sdk-stubs.input 
2018-06-05 23:07:06,813 [22175729]   INFO - .diagnostic.PerformanceWatcher - Reindexing refreshed files took 6120ms; general responsiveness: 1/6 sluggish; EDT responsiveness: 1/7 sluggish, 1/7 very slow 
2018-06-05 23:07:06,817 [22175733]   INFO - g.FileBasedIndexProjectHandler - Reindexing refreshed files: 12 to update, calculated in 3ms 
2018-06-05 23:07:06,825 [22175741]   INFO - .diagnostic.PerformanceWatcher - Reindexing refreshed files took 8ms; general responsiveness: ok; EDT responsiveness: ok 
2018-06-05 23:07:06,910 [22175826]   INFO - .diagnostic.PerformanceWatcher - Pushing Python language level to 9 roots in 1 SDKs took 84ms; general responsiveness: ok; EDT responsiveness: ok 
2018-06-05 23:07:06,984 [22175900]   INFO - .diagnostic.PerformanceWatcher - Pushing properties took 73ms; general responsiveness: ok; EDT responsiveness: ok 
2018-06-05 23:07:07,015 [22175931]   INFO - .skeletons.PySkeletonGenerator - Retrieving binary module list took 6116 ms 
2018-06-05 23:07:07,021 [22175937]   INFO - tPregeneratedSkeletonsProvider - Home path is C:\Program Files\JetBrains\PyCharm 2018.1.4 
2018-06-05 23:07:07,021 [22175937]   INFO - tPregeneratedSkeletonsProvider - Pregenerated skeletons root is C:\Program Files\JetBrains\PyCharm 2018.1.4\skeletons 
2018-06-05 23:07:07,022 [22175938]   INFO - tPregeneratedSkeletonsProvider - Found pre-generated skeletons at C:\Program Files\JetBrains\PyCharm 2018.1.4\skeletons\skeletons-win-401-python-3.6.2.zip 
2018-06-05 23:07:08,714 [22177630]   INFO - .skeletons.PySkeletonRefresher - Skeleton for Scripts._asyncio 
2018-06-05 23:07:10,013 [22178929]   INFO - .skeletons.PySkeletonRefresher - Skeleton for Scripts._bz2 
2018-06-05 23:07:10,363 [22179279]   INFO - .skeletons.PySkeletonRefresher - Skeleton for Scripts._ctypes 
2018-06-05 23:07:10,669 [22179585]   INFO - .skeletons.PySkeletonRefresher - Skeleton for Scripts._ctypes_test 
2018-06-05 23:07:10,904 [22179820]   INFO - .skeletons.PySkeletonRefresher - Skeleton for Scripts._decimal 
2018-06-05 23:07:11,223 [22180139]   INFO - .skeletons.PySkeletonRefresher - Skeleton for Scripts._distutils_findvs 
2018-06-05 23:07:11,458 [22180374]   INFO - .skeletons.PySkeletonRefresher - Skeleton for Scripts._elementtree 
2018-06-05 23:07:11,758 [22180674]   INFO - .skeletons.PySkeletonRefresher - Skeleton for Scripts._hashlib 
2018-06-05 23:07:12,032 [22180948]   INFO - .skeletons.PySkeletonRefresher - Skeleton for Scripts._lzma 
2018-06-05 23:07:12,338 [22181254]   INFO - .skeletons.PySkeletonRefresher - Skeleton for Scripts._msi 
2018-06-05 23:07:12,629 [22181545]   INFO - .skeletons.PySkeletonRefresher - Skeleton for Scripts._multiprocessing 
2018-06-05 23:07:12,915 [22181831]   INFO - .skeletons.PySkeletonRefresher - Skeleton for Scripts._overlapped 
2018-06-05 23:07:13,241 [22182157]   INFO - .skeletons.PySkeletonRefresher - Skeleton for Scripts._socket 
2018-06-05 23:07:13,597 [22182513]   INFO - .skeletons.PySkeletonRefresher - Skeleton for Scripts._sqlite3 
2018-06-05 23:07:14,043 [22182959]   INFO - .skeletons.PySkeletonRefresher - Skeleton for Scripts._ssl 
2018-06-05 23:07:14,438 [22183354]   INFO - .skeletons.PySkeletonRefresher - Skeleton for Scripts._testbuffer 
2018-06-05 23:07:14,688 [22183604]   INFO - .skeletons.PySkeletonRefresher - Skeleton for Scripts._testcapi 
2018-06-05 23:07:15,172 [22184088]   INFO - .skeletons.PySkeletonRefresher - Skeleton for Scripts._testconsole 
2018-06-05 23:07:15,410 [22184326]   INFO - .skeletons.PySkeletonRefresher - Skeleton for Scripts._testimportmultiple 
2018-06-05 23:07:15,683 [22184599]   INFO - .skeletons.PySkeletonRefresher - Skeleton for Scripts._testmultiphase 
2018-06-05 23:07:16,012 [22184928]   INFO - .skeletons.PySkeletonRefresher - Skeleton for Scripts._tkinter 
2018-06-05 23:07:16,123 [22185039]   INFO - .diagnostic.PerformanceWatcher - Indexable file iteration took 9137ms; general responsiveness: ok; EDT responsiveness: ok 
2018-06-05 23:07:16,125 [22185041]   INFO - indexing.UnindexedFilesUpdater - Unindexed files update started: 4705 files to update 
2018-06-05 23:07:16,432 [22185348]   INFO - .skeletons.PySkeletonRefresher - Skeleton for Scripts.pyexpat 
2018-06-05 23:07:16,498 [22185414]   INFO - ndex.PrebuiltIndexProviderBase - Using prebuilt sdk-stubs from C:\Users\justi\.PyCharm2018.1\system\index\.persistent\prebuilt\JavaScript\sdk-stubs.input 
2018-06-05 23:07:17,839 [22186755]   INFO - .skeletons.PySkeletonRefresher - Skeleton for Scripts.select 
2018-06-05 23:07:18,723 [22187639]   INFO - .skeletons.PySkeletonRefresher - Skeleton for Scripts.unicodedata 
2018-06-05 23:07:20,173 [22189089]   INFO - .skeletons.PySkeletonRefresher - Skeleton for Scripts.winsound 
2018-06-05 23:07:22,743 [22191659]   INFO - .skeletons.PySkeletonRefresher - Skeleton for _distutils_findvs 
2018-06-05 23:07:23,867 [22192783]   INFO - .skeletons.PySkeletonRefresher - Rebuilding skeletons for binaries took 15155 ms 
2018-06-05 23:07:23,939 [22192855]   INFO - ns.python.sdk.PythonSdkUpdater - Performing background scan of packages for SDK Python 3.6 (Python Programs) (C:\Users\justi\myapplication\Python Programs\venv\Scripts\python.exe) 
2018-06-05 23:07:23,941 [22192857]   INFO - packaging.PyPackageManagerImpl - Running packaging tool: C:\Users\justi\myapplication\Python Programs\venv\Scripts\python.exe C:\Program Files\JetBrains\PyCharm 2018.1.4\helpers\packaging_tool.py list 
2018-06-05 23:07:45,699 [22214615]   INFO - .diagnostic.PerformanceWatcher - Unindexed files update took 29574ms; general responsiveness: ok; EDT responsiveness: ok 
2018-06-05 23:07:45,700 [22214616]   INFO - .diagnostic.PerformanceWatcher - Pushing properties took 0ms; general responsiveness: ok; EDT responsiveness: ok 
2018-06-05 23:07:45,754 [22214670]   INFO - .diagnostic.PerformanceWatcher - Indexable file iteration took 54ms; general responsiveness: ok; EDT responsiveness: ok 
2018-06-05 23:07:45,754 [22214670]   INFO - indexing.UnindexedFilesUpdater - Unindexed files update started: 114 files to update 
2018-06-05 23:07:46,144 [22215060]   INFO - .diagnostic.PerformanceWatcher - Unindexed files update took 390ms; general responsiveness: ok; EDT responsiveness: ok 
2018-06-05 23:07:46,145 [22215061]   INFO - g.FileBasedIndexProjectHandler - Reindexing refreshed files: 0 to update, calculated in 0ms 
2018-06-05 23:07:46,231 [22215147]   INFO - cloudConfig.CloudConfigManager - === StatusBar ignored === 
2018-06-05 23:07:47,107 [22216023]   INFO - j.ide.ui.OptionsTopHitProvider - 342 ms spent to cache options in project 
2018-06-05 23:07:49,359 [22218275]   INFO - ns.python.sdk.PythonSdkUpdater - Updating sys.path took 119 ms 
2018-06-05 23:07:49,359 [22218275]   INFO - ns.python.sdk.PythonSdkUpdater - Bogus sys.path entry C:\Users\justi\myapplication\Python Programs\venv\Scripts\python36.zip 
2018-06-05 23:07:49,361 [22218277]   INFO - ns.python.sdk.PythonSdkUpdater - Binary skeletons directory for SDK Python 3.6 (Python Programs) (C:\Users\justi\myapplication\Python Programs\venv\Scripts\python.exe)): C:/Users/justi/.PyCharm2018.1/system/python_stubs/770887463 
2018-06-05 23:07:49,361 [22218277]   INFO - ns.python.sdk.PythonSdkUpdater - User skeletons directory for SDK Python 3.6 (Python Programs) (C:\Users\justi\myapplication\Python Programs\venv\Scripts\python.exe)): C:/Program Files/JetBrains/PyCharm 2018.1.4/helpers/python-skeletons 
2018-06-05 23:07:49,366 [22218282]   INFO - ns.python.sdk.PythonSdkUpdater - Performing background update of skeletons for SDK Python 3.6 (Python Programs) (C:\Users\justi\myapplication\Python Programs\venv\Scripts\python.exe) 
2018-06-05 23:07:49,367 [22218283]   INFO - .skeletons.PySkeletonRefresher - Refreshing skeletons for C:\Users\justi\myapplication\Python Programs\venv\Scripts\python.exe 
2018-06-05 23:07:49,649 [22218565]   INFO - .intellij.util.EnvironmentUtil - shell environment loaded (45 vars) 
2018-06-05 23:07:50,294 [22219210]   INFO - .skeletons.PySkeletonGenerator - Retrieving binary module list took 924 ms 
2018-06-05 23:07:50,294 [22219210]   INFO - tPregeneratedSkeletonsProvider - Home path is C:\Program Files\JetBrains\PyCharm 2018.1.4 
2018-06-05 23:07:50,295 [22219211]   INFO - tPregeneratedSkeletonsProvider - Pregenerated skeletons root is C:\Program Files\JetBrains\PyCharm 2018.1.4\skeletons 
2018-06-05 23:07:50,295 [22219211]   INFO - tPregeneratedSkeletonsProvider - Found pre-generated skeletons at C:\Program Files\JetBrains\PyCharm 2018.1.4\skeletons\skeletons-win-401-python-3.6.2.zip 
2018-06-05 23:07:50,305 [22219221]   INFO - .skeletons.PySkeletonRefresher - Rebuilding skeletons for binaries took 9 ms 
2018-06-05 23:07:50,321 [22219237]   INFO - ns.python.sdk.PythonSdkUpdater - Performing background scan of packages for SDK Python 3.6 (Python Programs) (C:\Users\justi\myapplication\Python Programs\venv\Scripts\python.exe) 
2018-06-05 23:07:50,322 [22219238]   INFO - packaging.PyPackageManagerImpl - Running packaging tool: C:\Users\justi\myapplication\Python Programs\venv\Scripts\python.exe C:\Program Files\JetBrains\PyCharm 2018.1.4\helpers\packaging_tool.py list 
2018-06-05 23:12:29,124 [22498040]   INFO - ellij.project.impl.ProjectImpl - 108 project components initialized in 27 ms 
2018-06-05 23:12:29,125 [22498041]   INFO - le.impl.ModuleManagerComponent - 0 module(s) loaded in 0 ms 
2018-06-05 23:12:29,287 [22498203]   INFO - Tools.base.JsbtStartupActivity - Detecting buildfiles for com.intellij.lang.javascript.buildTools.grunt.GruntfileManager 
2018-06-05 23:12:29,288 [22498204]   INFO - Tools.base.JsbtStartupActivity - Detecting buildfiles for com.intellij.lang.javascript.buildTools.gulp.GulpfileManager 
2018-06-05 23:12:29,288 [22498204]   INFO - Tools.base.JsbtStartupActivity - Detecting buildfiles for com.intellij.lang.javascript.buildTools.npm.PackageJsonFileManager 
2018-06-05 23:12:29,288 [22498204]   INFO - .diagnostic.PerformanceWatcher - Post-startup activities under progress took 2ms; general responsiveness: ok; EDT responsiveness: ok 
2018-06-05 23:12:29,367 [22498283]   INFO - packaging.PyPackageManagerImpl - Running packaging tool: C:\Users\justi\AppData\Local\Programs\Python\Python36-32\python.exe C:\Program Files\JetBrains\PyCharm 2018.1.4\helpers\packaging_tool.py pyvenv C:\Users\justi\myapplication\untitled\venv 
2018-06-05 23:12:29,999 [22498915]   INFO - packaging.PyPackageManagerImpl - Running packaging tool: C:\Users\justi\myapplication\untitled\venv\Scripts\python.exe C:\Program Files\JetBrains\PyCharm 2018.1.4\helpers\packaging_tool.py list 
2018-06-05 23:12:30,087 [22499003]   INFO - packaging.PyPackageManagerImpl - Error: Python packaging tool 'setuptools' not found

Exit code 3 
2018-06-05 23:12:30,088 [22499004]   INFO - packaging.PyPackageManagerImpl - Running packaging tool: C:\Users\justi\myapplication\untitled\venv\Scripts\python.exe C:\Program Files\JetBrains\PyCharm 2018.1.4\helpers\packaging_tool.py untar C:\Program Files\JetBrains\PyCharm 2018.1.4\helpers\setuptools-39.1.0.tar.gz 
2018-06-05 23:12:32,064 [22500980]   INFO - packaging.PyPackageManagerImpl - Running packaging tool: C:\Users\justi\myapplication\untitled\venv\Scripts\python.exe C:\Users\justi\AppData\Local\Temp\tmp2xj4gqdkpycharm-management\setuptools-39.1.0\setup.py install 
2018-06-05 23:12:34,793 [22503709]   INFO - packaging.PyPackageManagerImpl - Running packaging tool: C:\Users\justi\myapplication\untitled\venv\Scripts\python.exe C:\Program Files\JetBrains\PyCharm 2018.1.4\helpers\packaging_tool.py untar C:\Program Files\JetBrains\PyCharm 2018.1.4\helpers\pip-10.0.1.tar.gz 
2018-06-05 23:12:38,067 [22506983]   INFO - packaging.PyPackageManagerImpl - Running packaging tool: C:\Users\justi\myapplication\untitled\venv\Scripts\python.exe C:\Users\justi\AppData\Local\Temp\tmp4la9j_lupycharm-management\pip-10.0.1\setup.py install 
2018-06-05 23:12:46,587 [22515503]   INFO - ns.python.sdk.PythonSdkUpdater - Updating sys.path took 71 ms 
2018-06-05 23:12:46,587 [22515503]   INFO - ns.python.sdk.PythonSdkUpdater - Bogus sys.path entry C:\Users\justi\myapplication\untitled\venv\Scripts\python36.zip 
2018-06-05 23:12:46,609 [22515525]   INFO - ns.python.sdk.PythonSdkUpdater - Binary skeletons directory for SDK Python 3.6 (untitled) (C:\Users\justi\myapplication\untitled\venv\Scripts\python.exe)): C:/Users/justi/.PyCharm2018.1/system/python_stubs/1689184529 
2018-06-05 23:12:46,609 [22515525]   INFO - ns.python.sdk.PythonSdkUpdater - User skeletons directory for SDK Python 3.6 (untitled) (C:\Users\justi\myapplication\untitled\venv\Scripts\python.exe)): C:/Program Files/JetBrains/PyCharm 2018.1.4/helpers/python-skeletons 
2018-06-05 23:12:46,675 [22515591]   INFO - pl.ProjectRootManagerComponent - project roots have changed 
2018-06-05 23:12:46,678 [22515594]   INFO - pl.ProjectRootManagerComponent - project roots have changed 
2018-06-05 23:12:46,682 [22515598]   INFO - pl.ProjectRootManagerComponent - project roots have changed 
2018-06-05 23:12:46,706 [22515622]   INFO - tartup.impl.StartupManagerImpl - C:/Users/justi/myapplication/untitled/.idea case-sensitivity: expected=false actual=false 
2018-06-05 23:12:46,723 [22515639]   INFO - Json.PackageJsonUpdateNotifier - processPackageJsonFiles [] 
2018-06-05 23:12:46,741 [22515657]   INFO - pl.projectlevelman.NewMappings - VCS Root: [] - [<Project>] 
2018-06-05 23:12:46,824 [22515740]   INFO - g.FileBasedIndexProjectHandler - Reindexing refreshed files: 297 to update, calculated in 2ms 
2018-06-05 23:12:46,825 [22515741]   INFO - ns.python.sdk.PythonSdkUpdater - Performing background update of skeletons for SDK Python 3.6 (untitled) (C:\Users\justi\myapplication\untitled\venv\Scripts\python.exe) 
2018-06-05 23:12:46,825 [22515741]   INFO - .skeletons.PySkeletonRefresher - Refreshing skeletons for C:\Users\justi\myapplication\untitled\venv\Scripts\python.exe 
2018-06-05 23:12:46,883 [22515799]   INFO - Tools.base.JsbtStartupActivity - Found [] for com.intellij.lang.javascript.buildTools.grunt.GruntService 
2018-06-05 23:12:46,883 [22515799]   INFO - Tools.base.JsbtStartupActivity - Found [] for com.intellij.lang.javascript.buildTools.gulp.GulpService 
2018-06-05 23:12:46,883 [22515799]   INFO - Tools.base.JsbtStartupActivity - Found [] for com.intellij.lang.javascript.buildTools.npm.NpmScriptsService 
2018-06-05 23:12:46,893 [22515809]   INFO - tor.impl.FileEditorManagerImpl - Project opening took 17822 ms 
2018-06-05 23:12:46,925 [22515841]   INFO - .intellij.util.EnvironmentUtil - shell environment loaded (45 vars) 
2018-06-05 23:12:48,939 [22517855]   INFO - .diagnostic.PerformanceWatcher - Reindexing refreshed files took 2114ms; general responsiveness: ok; EDT responsiveness: ok 
2018-06-05 23:12:48,944 [22517860]   INFO - .diagnostic.PerformanceWatcher - Pushing Python language level to 9 roots in 1 SDKs took 5ms; general responsiveness: ok; EDT responsiveness: ok 
2018-06-05 23:12:48,953 [22517869]   INFO - .diagnostic.PerformanceWatcher - Pushing properties took 2ms; general responsiveness: ok; EDT responsiveness: ok 
2018-06-05 23:12:48,967 [22517883]   INFO - .diagnostic.PerformanceWatcher - Indexable file iteration took 14ms; general responsiveness: ok; EDT responsiveness: ok 
2018-06-05 23:12:48,967 [22517883]   INFO - indexing.UnindexedFilesUpdater - Unindexed files update started: 387 files to update 
2018-06-05 23:12:50,778 [22519694]   INFO - .diagnostic.PerformanceWatcher - Unindexed files update took 1811ms; general responsiveness: ok; EDT responsiveness: ok 
2018-06-05 23:12:50,778 [22519694]   INFO - g.FileBasedIndexProjectHandler - Reindexing refreshed files: 0 to update, calculated in 0ms 
2018-06-05 23:12:50,785 [22519701]   INFO - cloudConfig.CloudConfigManager - === StatusBar ignored === 
2018-06-05 23:12:50,907 [22519823]   INFO - j.ide.ui.OptionsTopHitProvider - 87 ms spent to cache options in project 
2018-06-05 23:12:51,439 [22520355]   INFO - .skeletons.PySkeletonGenerator - Retrieving binary module list took 4596 ms 
2018-06-05 23:12:51,440 [22520356]   INFO - tPregeneratedSkeletonsProvider - Home path is C:\Program Files\JetBrains\PyCharm 2018.1.4 
2018-06-05 23:12:51,440 [22520356]   INFO - tPregeneratedSkeletonsProvider - Pregenerated skeletons root is C:\Program Files\JetBrains\PyCharm 2018.1.4\skeletons 
2018-06-05 23:12:51,440 [22520356]   INFO - tPregeneratedSkeletonsProvider - Found pre-generated skeletons at C:\Program Files\JetBrains\PyCharm 2018.1.4\skeletons\skeletons-win-401-python-3.6.2.zip 
2018-06-05 23:12:52,094 [22521010]   INFO - .diagnostic.PerformanceWatcher - Pushing properties took 1ms; general responsiveness: ok; EDT responsiveness: ok 
2018-06-05 23:12:52,109 [22521025]   INFO - .diagnostic.PerformanceWatcher - Indexable file iteration took 15ms; general responsiveness: ok; EDT responsiveness: ok 
2018-06-05 23:12:52,436 [22521352]   INFO - .skeletons.PySkeletonRefresher - Skeleton for Scripts._asyncio 
2018-06-05 23:12:52,990 [22521906]   INFO - .skeletons.PySkeletonRefresher - Skeleton for Scripts._bz2 
2018-06-05 23:12:53,228 [22522144]   INFO - .skeletons.PySkeletonRefresher - Skeleton for Scripts._ctypes 
2018-06-05 23:12:53,481 [22522397]   INFO - .skeletons.PySkeletonRefresher - Skeleton for Scripts._ctypes_test 
2018-06-05 23:12:53,716 [22522632]   INFO - .skeletons.PySkeletonRefresher - Skeleton for Scripts._decimal 
2018-06-05 23:12:53,873 [22522789]   INFO - ns.python.sdk.PythonSdkUpdater - Updating sys.path took 83 ms 
2018-06-05 23:12:53,874 [22522790]   INFO - ns.python.sdk.PythonSdkUpdater - Bogus sys.path entry C:\Users\justi\myapplication\untitled\venv\Scripts\python36.zip 
2018-06-05 23:12:53,876 [22522792]   INFO - ns.python.sdk.PythonSdkUpdater - Binary skeletons directory for SDK Python 3.6 (untitled) (C:\Users\justi\myapplication\untitled\venv\Scripts\python.exe)): C:/Users/justi/.PyCharm2018.1/system/python_stubs/1689184529 
2018-06-05 23:12:53,876 [22522792]   INFO - ns.python.sdk.PythonSdkUpdater - User skeletons directory for SDK Python 3.6 (untitled) (C:\Users\justi\myapplication\untitled\venv\Scripts\python.exe)): C:/Program Files/JetBrains/PyCharm 2018.1.4/helpers/python-skeletons 
2018-06-05 23:12:54,088 [22523004]   INFO - .skeletons.PySkeletonRefresher - Skeleton for Scripts._distutils_findvs 
2018-06-05 23:12:54,097 [22523013]   INFO - .intellij.util.EnvironmentUtil - shell environment loaded (45 vars) 
2018-06-05 23:12:54,323 [22523239]   INFO - .skeletons.PySkeletonRefresher - Skeleton for Scripts._elementtree 
2018-06-05 23:12:54,551 [22523467]   INFO - .skeletons.PySkeletonRefresher - Skeleton for Scripts._hashlib 
2018-06-05 23:12:54,803 [22523719]   INFO - .skeletons.PySkeletonRefresher - Skeleton for Scripts._lzma 
2018-06-05 23:12:55,031 [22523947]   INFO - .skeletons.PySkeletonRefresher - Skeleton for Scripts._msi 
2018-06-05 23:12:55,248 [22524164]   INFO - .skeletons.PySkeletonRefresher - Skeleton for Scripts._multiprocessing 
2018-06-05 23:12:55,467 [22524383]   INFO - .skeletons.PySkeletonRefresher - Skeleton for Scripts._overlapped 
2018-06-05 23:12:55,774 [22524690]   INFO - .skeletons.PySkeletonRefresher - Skeleton for Scripts._socket 
2018-06-05 23:12:56,050 [22524966]   INFO - .skeletons.PySkeletonRefresher - Skeleton for Scripts._sqlite3 
2018-06-05 23:12:56,427 [22525343]   INFO - .skeletons.PySkeletonRefresher - Skeleton for Scripts._ssl 
2018-06-05 23:12:56,724 [22525640]   INFO - .skeletons.PySkeletonRefresher - Skeleton for Scripts._testbuffer 
2018-06-05 23:12:56,966 [22525882]   INFO - .skeletons.PySkeletonRefresher - Skeleton for Scripts._testcapi 
2018-06-05 23:12:57,241 [22526157]   INFO - .skeletons.PySkeletonRefresher - Skeleton for Scripts._testconsole 
2018-06-05 23:12:57,506 [22526422]   INFO - .skeletons.PySkeletonRefresher - Skeleton for Scripts._testimportmultiple 
2018-06-05 23:12:57,745 [22526661]   INFO - .skeletons.PySkeletonRefresher - Skeleton for Scripts._testmultiphase 
2018-06-05 23:12:58,002 [22526918]   INFO - .skeletons.PySkeletonRefresher - Skeleton for Scripts._tkinter 
2018-06-05 23:12:58,265 [22527181]   INFO - .skeletons.PySkeletonRefresher - Skeleton for Scripts.pyexpat 
2018-06-05 23:12:58,530 [22527446]   INFO - .skeletons.PySkeletonRefresher - Skeleton for Scripts.select 
2018-06-05 23:12:58,765 [22527681]   INFO - .skeletons.PySkeletonRefresher - Skeleton for Scripts.unicodedata 
2018-06-05 23:12:58,994 [22527910]   INFO - .skeletons.PySkeletonRefresher - Skeleton for Scripts.winsound 
2018-06-05 23:12:59,219 [22528135]   INFO - .skeletons.PySkeletonRefresher - Skeleton for _distutils_findvs 
2018-06-05 23:12:59,433 [22528349]   INFO - .skeletons.PySkeletonRefresher - Rebuilding skeletons for binaries took 6998 ms 
2018-06-05 23:12:59,454 [22528370]   INFO - ns.python.sdk.PythonSdkUpdater - Performing background scan of packages for SDK Python 3.6 (untitled) (C:\Users\justi\myapplication\untitled\venv\Scripts\python.exe) 
2018-06-05 23:12:59,455 [22528371]   INFO - packaging.PyPackageManagerImpl - Running packaging tool: C:\Users\justi\myapplication\untitled\venv\Scripts\python.exe C:\Program Files\JetBrains\PyCharm 2018.1.4\helpers\packaging_tool.py list 
2018-06-05 23:12:59,458 [22528374]   INFO - g.FileBasedIndexProjectHandler - Reindexing refreshed files: 114 to update, calculated in 0ms 
2018-06-05 23:12:59,739 [22528655]   INFO - .diagnostic.PerformanceWatcher - Reindexing refreshed files took 281ms; general responsiveness: ok; EDT responsiveness: ok 
2018-06-05 23:13:00,225 [22529141]   INFO - ns.python.sdk.PythonSdkUpdater - Performing background update of skeletons for SDK Python 3.6 (untitled) (C:\Users\justi\myapplication\untitled\venv\Scripts\python.exe) 
2018-06-05 23:13:00,225 [22529141]   INFO - .skeletons.PySkeletonRefresher - Refreshing skeletons for C:\Users\justi\myapplication\untitled\venv\Scripts\python.exe 
2018-06-05 23:13:01,104 [22530020]   INFO - .skeletons.PySkeletonGenerator - Retrieving binary module list took 877 ms 
2018-06-05 23:13:01,104 [22530020]   INFO - tPregeneratedSkeletonsProvider - Home path is C:\Program Files\JetBrains\PyCharm 2018.1.4 
2018-06-05 23:13:01,104 [22530020]   INFO - tPregeneratedSkeletonsProvider - Pregenerated skeletons root is C:\Program Files\JetBrains\PyCharm 2018.1.4\skeletons 
2018-06-05 23:13:01,105 [22530021]   INFO - tPregeneratedSkeletonsProvider - Found pre-generated skeletons at C:\Program Files\JetBrains\PyCharm 2018.1.4\skeletons\skeletons-win-401-python-3.6.2.zip 
2018-06-05 23:13:01,114 [22530030]   INFO - .skeletons.PySkeletonRefresher - Rebuilding skeletons for binaries took 9 ms 
2018-06-05 23:13:01,140 [22530056]   INFO - ns.python.sdk.PythonSdkUpdater - Performing background scan of packages for SDK Python 3.6 (untitled) (C:\Users\justi\myapplication\untitled\venv\Scripts\python.exe) 
2018-06-05 23:13:01,140 [22530056]   INFO - packaging.PyPackageManagerImpl - Running packaging tool: C:\Users\justi\myapplication\untitled\venv\Scripts\python.exe C:\Program Files\JetBrains\PyCharm 2018.1.4\helpers\packaging_tool.py list 
2018-06-05 23:13:45,754 [22574670]   INFO - rojectCodeStyleSettingsManager - Initialized from default code style settings. 
2018-06-05 23:15:37,377 [22686293]   INFO - pl.ProjectRootManagerComponent - project roots have changed 
2018-06-05 23:15:37,389 [22686305]   INFO - python.packaging.PyPackageUtil - Refreshing installed packages for SDK C:\Users\justi\myapplication\untitled\venv\Scripts\python.exe 
2018-06-05 23:15:37,390 [22686306]   INFO - packaging.PyPackageManagerImpl - Running packaging tool: C:\Users\justi\myapplication\untitled\venv\Scripts\python.exe C:\Program Files\JetBrains\PyCharm 2018.1.4\helpers\packaging_tool.py list 
2018-06-05 23:15:37,493 [22686409]   INFO - .diagnostic.PerformanceWatcher - Pushing Python language level to 9 roots in 1 SDKs took 11ms; general responsiveness: ok; EDT responsiveness: ok 
2018-06-05 23:15:37,555 [22686471]   INFO - .diagnostic.PerformanceWatcher - Pushing properties took 6ms; general responsiveness: ok; EDT responsiveness: ok 
2018-06-05 23:15:37,998 [22686914]   INFO - .diagnostic.PerformanceWatcher - Indexable file iteration took 421ms; general responsiveness: ok; EDT responsiveness: ok 
2018-06-05 23:15:37,998 [22686914]   INFO - indexing.UnindexedFilesUpdater - Unindexed files update started: 27 files to update 
2018-06-05 23:15:38,138 [22687054]   INFO - .diagnostic.PerformanceWatcher - Unindexed files update took 140ms; general responsiveness: ok; EDT responsiveness: ok 
2018-06-05 23:15:47,891 [22696807]   INFO - python.packaging.PyPackageUtil - Refreshing installed packages for SDK C:\Users\justi\myapplication\untitled\venv\Scripts\python.exe 
2018-06-05 23:15:47,892 [22696808]   INFO - packaging.PyPackageManagerImpl - Running packaging tool: C:\Users\justi\myapplication\untitled\venv\Scripts\python.exe C:\Program Files\JetBrains\PyCharm 2018.1.4\helpers\packaging_tool.py list 
2018-06-05 23:16:41,704 [22750620]   INFO - .script.IdeScriptEngineManager - javax.script.ScriptEngineManager initialized in 40 ms 
2018-06-05 23:16:48,361 [22757277]   INFO - plots.PySciEnvironmentProvider - Plots on port: 57671 
2018-06-05 23:18:34,096 [22863012]   INFO - plots.PySciEnvironmentProvider - Plots on port: 57671 
2018-06-06 18:21:54,820 [91463736]   INFO - ateSettings.impl.UpdateChecker - www.jetbrains.com 
java.net.UnknownHostException: www.jetbrains.com
	at java.net.AbstractPlainSocketImpl.connect(AbstractPlainSocketImpl.java:184)
	at java.net.PlainSocketImpl.connect(PlainSocketImpl.java:172)
	at java.net.SocksSocketImpl.connect(SocksSocketImpl.java:392)
	at java.net.Socket.connect(Socket.java:589)
	at sun.security.ssl.SSLSocketImpl.connect(SSLSocketImpl.java:673)
	at sun.net.NetworkClient.doConnect(NetworkClient.java:175)
	at sun.net.www.http.HttpClient.openServer(HttpClient.java:432)
	at sun.net.www.http.HttpClient.openServer(HttpClient.java:527)
	at sun.net.www.protocol.https.HttpsClient.<init>(HttpsClient.java:264)
	at sun.net.www.protocol.https.HttpsClient.New(HttpsClient.java:367)
	at sun.net.www.protocol.https.AbstractDelegateHttpsURLConnection.getNewHttpClient(AbstractDelegateHttpsURLConnection.java:191)
	at sun.net.www.protocol.http.HttpURLConnection.plainConnect0(HttpURLConnection.java:1181)
	at sun.net.www.protocol.http.HttpURLConnection.plainConnect(HttpURLConnection.java:1032)
	at sun.net.www.protocol.https.AbstractDelegateHttpsURLConnection.connect(AbstractDelegateHttpsURLConnection.java:177)
	at sun.net.www.protocol.http.HttpURLConnection.getInputStream0(HttpURLConnection.java:1546)
	at sun.net.www.protocol.http.HttpURLConnection.getInputStream(HttpURLConnection.java:1474)
	at java.net.HttpURLConnection.getResponseCode(HttpURLConnection.java:480)
	at sun.net.www.protocol.https.HttpsURLConnectionImpl.getResponseCode(HttpsURLConnectionImpl.java:338)
	at com.intellij.util.io.HttpRequests.openConnection(HttpRequests.java:498)
	at com.intellij.util.io.HttpRequests.access$300(HttpRequests.java:49)
	at com.intellij.util.io.HttpRequests$RequestImpl.getConnection(HttpRequests.java:278)
	at com.intellij.util.io.HttpRequests$RequestImpl.getInputStream(HttpRequests.java:287)
	at com.intellij.util.io.HttpRequests$RequestImpl.getReader(HttpRequests.java:305)
	at com.intellij.util.io.HttpRequests$RequestImpl.getReader(HttpRequests.java:298)
	at com.intellij.openapi.updateSettings.impl.UpdateChecker$checkPlatformUpdate$1.process(UpdateChecker.kt:175)
	at com.intellij.openapi.updateSettings.impl.UpdateChecker$checkPlatformUpdate$1.process(UpdateChecker.kt:53)
	at com.intellij.util.io.HttpRequests.lambda$doProcess$0(HttpRequests.java:403)
	at com.intellij.util.net.ssl.CertificateManager.runWithUntrustedCertificateStrategy(CertificateManager.java:335)
	at com.intellij.util.io.HttpRequests.doProcess(HttpRequests.java:403)
	at com.intellij.util.io.HttpRequests.process(HttpRequests.java:383)
	at com.intellij.util.io.HttpRequests.access$100(HttpRequests.java:49)
	at com.intellij.util.io.HttpRequests$RequestBuilderImpl.connect(HttpRequests.java:252)
	at com.intellij.openapi.updateSettings.impl.UpdateChecker.a(UpdateChecker.kt:173)
	at com.intellij.openapi.updateSettings.impl.UpdateChecker.a(UpdateChecker.kt:119)
	at com.intellij.openapi.updateSettings.impl.UpdateChecker.access$doUpdateAndShowResult(UpdateChecker.kt:53)
	at com.intellij.openapi.updateSettings.impl.UpdateChecker$updateAndShowResult$1.run(UpdateChecker.kt:81)
	at com.intellij.openapi.application.impl.ApplicationImpl$1.run(ApplicationImpl.java:305)
	at java.util.concurrent.Executors$RunnableAdapter.call(Executors.java:511)
	at java.util.concurrent.FutureTask.run(FutureTask.java:266)
	at java.util.concurrent.ThreadPoolExecutor.runWorker(ThreadPoolExecutor.java:1142)
	at java.util.concurrent.ThreadPoolExecutor$Worker.run(ThreadPoolExecutor.java:617)
	at java.lang.Thread.run(Thread.java:745)
2018-06-06 18:21:54,825 [91463741]   INFO - ateSettings.impl.UpdateChecker - Connection failed (www.jetbrains.com). Please check network connection and try again. 
2018-06-06 18:21:55,614 [91464530]   INFO -              #AgreementUpdater - Error updating privacy policy: www.jetbrains.com 
2018-06-06 18:55:31,634 [93480550]   INFO - stubs.SerializationManagerImpl - START StubSerializationManager SHUTDOWN 
2018-06-06 18:55:31,689 [93480605]   INFO - stubs.SerializationManagerImpl - END StubSerializationManager SHUTDOWN 
2018-06-06 18:55:31,689 [93480605]   INFO - stubs.SerializationManagerImpl - START StubSerializationManager SHUTDOWN 
2018-06-06 18:55:31,731 [93480647]   INFO - stubs.SerializationManagerImpl - END StubSerializationManager SHUTDOWN 
2018-06-06 18:55:31,737 [93480653]   INFO - stubs.SerializationManagerImpl - START StubSerializationManager SHUTDOWN 
2018-06-06 18:55:31,738 [93480654]   INFO - stubs.SerializationManagerImpl - END StubSerializationManager SHUTDOWN 
2018-06-06 18:55:31,738 [93480654]   INFO - il.indexing.FileBasedIndexImpl - START INDEX SHUTDOWN 
2018-06-06 18:55:32,033 [93480949]   INFO - il.indexing.FileBasedIndexImpl - END INDEX SHUTDOWN 
2018-06-06 18:55:32,051 [93480967]   INFO - org.jetbrains.io.BuiltInServer - web server stopped 
2018-06-06 18:55:32,107 [93481023]   INFO - Types.impl.FileTypeManagerImpl - FileTypeManager: 3117 auto-detected files
Elapsed time on auto-detect: 12505 ms 
2018-06-06 18:55:32,112 [93481028]   INFO - pl.local.NativeFileWatcherImpl - Watcher terminated with exit code 0 
2018-06-06 18:55:32,116 [93481032]   INFO - newvfs.persistent.PersistentFS - VFS dispose started 
2018-06-06 18:55:32,165 [93481081]   INFO - newvfs.persistent.PersistentFS - VFS dispose completed 
2018-06-06 18:55:32,179 [93481095]   INFO -        #com.intellij.idea.Main - ------------------------------------------------------ IDE SHUTDOWN ------------------------------------------------------ 
2018-06-06 18:55:32,184 [93481100]   INFO - org.jetbrains.io.BuiltInServer - web server stopped 
